{
  "RSpec": {
    "coverage": {
      "/home/jmervine/Development/simple_disk_cache/lib/simple_disk_cache.rb": [
        null,
        null,
        1,
        null,
        1,
        null,
        null,
        1,
        null,
        null,
        1,
        null,
        null,
        1,
        null,
        null,
        null,
        null,
        null,
        null,
        1,
        10,
        10,
        10,
        10,
        null,
        null,
        null,
        1,
        47,
        47,
        null,
        null,
        null,
        1,
        3,
        null,
        null,
        null,
        1,
        1,
        4,
        null,
        null,
        null,
        null,
        null,
        null,
        null,
        1,
        37,
        37,
        37,
        38,
        18,
        null,
        36,
        36,
        1,
        1,
        null,
        null,
        null,
        null,
        1,
        117,
        null,
        null,
        null,
        1,
        null,
        null,
        1,
        37,
        3,
        5,
        5,
        null,
        null,
        null,
        null,
        null,
        null,
        1,
        18,
        18,
        18,
        18,
        18,
        null,
        null,
        null,
        1,
        18,
        18,
        18,
        18,
        18,
        null,
        null,
        null,
        null,
        1,
        47,
        24,
        null,
        null,
        null,
        1,
        10,
        null,
        null,
        null
      ]
    },
    "timestamp": 1341475821
  }
}
